<?xml version="1.0" encoding="UTF-8"?>
<testng-results ignored="0" total="1" passed="1" failed="0" skipped="0">
  <reporter-output>
  </reporter-output>
  <suite started-at="2022-04-22T14:56:23 IST" name="Default suite" finished-at="2022-04-22T14:56:50 IST" duration-ms="26912">
    <groups>
    </groups>
    <test started-at="2022-04-22T14:56:23 IST" name="Default test" finished-at="2022-04-22T14:56:50 IST" duration-ms="26912">
      <class name="com.mesho.testcases.ApplicationHeaderTC">
        <test-method is-config="true" signature="setup()[pri:0, instance:com.mesho.testcases.ApplicationHeaderTC@1bd4fdd]" started-at="2022-04-22T14:56:23 IST" name="setup" finished-at="2022-04-22T14:56:41 IST" duration-ms="18000" status="PASS">
          <reporter-output>
          </reporter-output>
        </test-method> <!-- setup -->
        <test-method signature="test1()[pri:0, instance:com.mesho.testcases.ApplicationHeaderTC@1bd4fdd]" started-at="2022-04-22T14:56:41 IST" name="test1" finished-at="2022-04-22T14:56:49 IST" duration-ms="7724" status="PASS">
          <reporter-output>
          </reporter-output>
        </test-method> <!-- test1 -->
        <test-method is-config="true" signature="tearDown()[pri:0, instance:com.mesho.testcases.ApplicationHeaderTC@1bd4fdd]" started-at="2022-04-22T14:56:49 IST" name="tearDown" finished-at="2022-04-22T14:56:50 IST" duration-ms="1081" status="PASS">
          <reporter-output>
          </reporter-output>
        </test-method> <!-- tearDown -->
      </class> <!-- com.mesho.testcases.ApplicationHeaderTC -->
    </test> <!-- Default test -->
  </suite> <!-- Default suite -->
</testng-results>
